2021.06.02 22:12 B C:\xampp\htdocs\perfilescopia\resources\plugins\fontawesome-free\css\all.css --> ftp.rvcmar.org /resources/plugins/fontawesome-free/css all.css
2021.06.02 22:12 B C:\xampp\htdocs\perfilescopia\resources\plugins\fontawesome-free\css\all.min.css --> ftp.rvcmar.org /resources/plugins/fontawesome-free/css all.min.css
2021.06.02 22:12 B C:\xampp\htdocs\perfilescopia\resources\plugins\fontawesome-free\css\brands.css --> ftp.rvcmar.org /resources/plugins/fontawesome-free/css brands.css
2021.06.02 22:12 B C:\xampp\htdocs\perfilescopia\resources\plugins\fontawesome-free\css\brands.min.css --> ftp.rvcmar.org /resources/plugins/fontawesome-free/css brands.min.css
2021.06.02 22:12 B C:\xampp\htdocs\perfilescopia\resources\plugins\fontawesome-free\css\fontawesome.css --> ftp.rvcmar.org /resources/plugins/fontawesome-free/css fontawesome.css
2021.06.02 22:12 B C:\xampp\htdocs\perfilescopia\resources\plugins\fontawesome-free\css\fontawesome.min.css --> ftp.rvcmar.org /resources/plugins/fontawesome-free/css fontawesome.min.css
2021.06.02 22:12 B C:\xampp\htdocs\perfilescopia\resources\plugins\fontawesome-free\css\regular.css --> ftp.rvcmar.org /resources/plugins/fontawesome-free/css regular.css
2021.06.02 22:12 B C:\xampp\htdocs\perfilescopia\resources\plugins\fontawesome-free\css\regular.min.css --> ftp.rvcmar.org /resources/plugins/fontawesome-free/css regular.min.css
2021.06.02 22:12 B C:\xampp\htdocs\perfilescopia\resources\plugins\fontawesome-free\css\solid.css --> ftp.rvcmar.org /resources/plugins/fontawesome-free/css solid.css
2021.06.02 22:12 B C:\xampp\htdocs\perfilescopia\resources\plugins\fontawesome-free\css\solid.min.css --> ftp.rvcmar.org /resources/plugins/fontawesome-free/css solid.min.css
2021.06.02 22:12 B C:\xampp\htdocs\perfilescopia\resources\plugins\fontawesome-free\css\svg-with-js.css --> ftp.rvcmar.org /resources/plugins/fontawesome-free/css svg-with-js.css
2021.06.02 22:12 B C:\xampp\htdocs\perfilescopia\resources\plugins\fontawesome-free\css\svg-with-js.min.css --> ftp.rvcmar.org /resources/plugins/fontawesome-free/css svg-with-js.min.css
2021.06.02 22:12 B C:\xampp\htdocs\perfilescopia\resources\plugins\fontawesome-free\css\v4-shims.css --> ftp.rvcmar.org /resources/plugins/fontawesome-free/css v4-shims.css
2021.06.02 22:12 B C:\xampp\htdocs\perfilescopia\resources\plugins\fontawesome-free\css\v4-shims.min.css --> ftp.rvcmar.org /resources/plugins/fontawesome-free/css v4-shims.min.css
2021.08.10 13:07 B C:\xampp\htdocs\perfilescopia\resources\plugins\fontawesome-free\css\all.css --> ftp.rvcmar.org /resources/plugins/fontawesome-free/css all.css
2021.08.10 13:07 B C:\xampp\htdocs\perfilescopia\resources\plugins\fontawesome-free\css\all.min.css --> ftp.rvcmar.org /resources/plugins/fontawesome-free/css all.min.css
2021.08.10 13:07 B C:\xampp\htdocs\perfilescopia\resources\plugins\fontawesome-free\css\brands.css --> ftp.rvcmar.org /resources/plugins/fontawesome-free/css brands.css
2021.08.10 13:07 B C:\xampp\htdocs\perfilescopia\resources\plugins\fontawesome-free\css\brands.min.css --> ftp.rvcmar.org /resources/plugins/fontawesome-free/css brands.min.css
2021.08.10 13:07 B C:\xampp\htdocs\perfilescopia\resources\plugins\fontawesome-free\css\fontawesome.css --> ftp.rvcmar.org /resources/plugins/fontawesome-free/css fontawesome.css
2021.08.10 13:07 B C:\xampp\htdocs\perfilescopia\resources\plugins\fontawesome-free\css\fontawesome.min.css --> ftp.rvcmar.org /resources/plugins/fontawesome-free/css fontawesome.min.css
2021.08.10 13:07 B C:\xampp\htdocs\perfilescopia\resources\plugins\fontawesome-free\css\regular.css --> ftp.rvcmar.org /resources/plugins/fontawesome-free/css regular.css
2021.08.10 13:07 B C:\xampp\htdocs\perfilescopia\resources\plugins\fontawesome-free\css\regular.min.css --> ftp.rvcmar.org /resources/plugins/fontawesome-free/css regular.min.css
2021.08.10 13:07 B C:\xampp\htdocs\perfilescopia\resources\plugins\fontawesome-free\css\solid.css --> ftp.rvcmar.org /resources/plugins/fontawesome-free/css solid.css
2021.08.10 13:07 B C:\xampp\htdocs\perfilescopia\resources\plugins\fontawesome-free\css\solid.min.css --> ftp.rvcmar.org /resources/plugins/fontawesome-free/css solid.min.css
2021.08.10 13:07 B C:\xampp\htdocs\perfilescopia\resources\plugins\fontawesome-free\css\svg-with-js.css --> ftp.rvcmar.org /resources/plugins/fontawesome-free/css svg-with-js.css
2021.08.10 13:07 B C:\xampp\htdocs\perfilescopia\resources\plugins\fontawesome-free\css\svg-with-js.min.css --> ftp.rvcmar.org /resources/plugins/fontawesome-free/css svg-with-js.min.css
2021.08.10 13:07 B C:\xampp\htdocs\perfilescopia\resources\plugins\fontawesome-free\css\v4-shims.css --> ftp.rvcmar.org /resources/plugins/fontawesome-free/css v4-shims.css
2021.08.10 13:07 B C:\xampp\htdocs\perfilescopia\resources\plugins\fontawesome-free\css\v4-shims.min.css --> ftp.rvcmar.org /resources/plugins/fontawesome-free/css v4-shims.min.css
2021.08.10 13:07 B C:\xampp\htdocs\perfilescopia\resources\plugins\fontawesome-free\css\WS_FTP.LOG --> ftp.rvcmar.org /resources/plugins/fontawesome-free/css WS_FTP.LOG
