2021.06.02 21:55 B C:\xampp\htdocs\perfilescopia\resources\dist\img\avanzado.jpg --> ftp.rvcmar.org /resources/dist/img avanzado.jpg
2021.06.02 21:55 B C:\xampp\htdocs\perfilescopia\resources\dist\img\avanzado.png --> ftp.rvcmar.org /resources/dist/img avanzado.png
2021.06.02 21:55 B C:\xampp\htdocs\perfilescopia\resources\dist\img\avatar.png --> ftp.rvcmar.org /resources/dist/img avatar.png
2021.06.02 21:55 B C:\xampp\htdocs\perfilescopia\resources\dist\img\avatar2.png --> ftp.rvcmar.org /resources/dist/img avatar2.png
2021.06.02 21:55 B C:\xampp\htdocs\perfilescopia\resources\dist\img\avatar3.png --> ftp.rvcmar.org /resources/dist/img avatar3.png
2021.06.02 21:55 B C:\xampp\htdocs\perfilescopia\resources\dist\img\avatard2.png --> ftp.rvcmar.org /resources/dist/img avatard2.png
2021.06.02 21:55 B C:\xampp\htdocs\perfilescopia\resources\dist\img\h1_he,kmro3.png --> ftp.rvcmar.org /resources/dist/img h1_he,kmro3.png
2021.06.02 21:55 B C:\xampp\htdocs\perfilescopia\resources\dist\img\h1_hero.png --> ftp.rvcmar.org /resources/dist/img h1_hero.png
2021.06.02 21:55 B C:\xampp\htdocs\perfilescopia\resources\dist\img\Hero2.jpg --> ftp.rvcmar.org /resources/dist/img Hero2.jpg
2021.06.02 21:55 B C:\xampp\htdocs\perfilescopia\resources\dist\img\hero23.png --> ftp.rvcmar.org /resources/dist/img hero23.png
2021.06.02 21:55 B C:\xampp\htdocs\perfilescopia\resources\dist\img\herro2.png --> ftp.rvcmar.org /resources/dist/img herro2.png
2021.06.02 21:55 B C:\xampp\htdocs\perfilescopia\resources\dist\img\icons.png --> ftp.rvcmar.org /resources/dist/img icons.png
2021.06.02 21:55 B C:\xampp\htdocs\perfilescopia\resources\dist\img\johan.jpeg --> ftp.rvcmar.org /resources/dist/img johan.jpeg
2021.06.02 21:55 B C:\xampp\htdocs\perfilescopia\resources\dist\img\Logogaes7-1.png --> ftp.rvcmar.org /resources/dist/img Logogaes7-1.png
2021.06.02 21:55 B C:\xampp\htdocs\perfilescopia\resources\dist\img\Logogaes7-7.png --> ftp.rvcmar.org /resources/dist/img Logogaes7-7.png
2021.08.10 12:46 B C:\xampp\htdocs\perfilescopia\resources\dist\img\avanzado.jpg --> ftp.rvcmar.org /resources/dist/img avanzado.jpg
2021.08.10 12:46 B C:\xampp\htdocs\perfilescopia\resources\dist\img\avanzado.png --> ftp.rvcmar.org /resources/dist/img avanzado.png
2021.08.10 12:47 B C:\xampp\htdocs\perfilescopia\resources\dist\img\avatar.png --> ftp.rvcmar.org /resources/dist/img avatar.png
2021.08.10 12:47 B C:\xampp\htdocs\perfilescopia\resources\dist\img\avatar2.png --> ftp.rvcmar.org /resources/dist/img avatar2.png
2021.08.10 12:47 B C:\xampp\htdocs\perfilescopia\resources\dist\img\avatar3.png --> ftp.rvcmar.org /resources/dist/img avatar3.png
2021.08.10 12:47 B C:\xampp\htdocs\perfilescopia\resources\dist\img\avatard2.png --> ftp.rvcmar.org /resources/dist/img avatard2.png
2021.08.10 12:47 B C:\xampp\htdocs\perfilescopia\resources\dist\img\h1_he,kmro3.png --> ftp.rvcmar.org /resources/dist/img h1_he,kmro3.png
2021.08.10 12:47 B C:\xampp\htdocs\perfilescopia\resources\dist\img\h1_hero.png --> ftp.rvcmar.org /resources/dist/img h1_hero.png
2021.08.10 12:47 B C:\xampp\htdocs\perfilescopia\resources\dist\img\Hero2.jpg --> ftp.rvcmar.org /resources/dist/img Hero2.jpg
2021.08.10 12:47 B C:\xampp\htdocs\perfilescopia\resources\dist\img\hero23.png --> ftp.rvcmar.org /resources/dist/img hero23.png
2021.08.10 12:47 B C:\xampp\htdocs\perfilescopia\resources\dist\img\herro2.png --> ftp.rvcmar.org /resources/dist/img herro2.png
2021.08.10 12:47 B C:\xampp\htdocs\perfilescopia\resources\dist\img\icons.png --> ftp.rvcmar.org /resources/dist/img icons.png
2021.08.10 12:47 B C:\xampp\htdocs\perfilescopia\resources\dist\img\johan.jpeg --> ftp.rvcmar.org /resources/dist/img johan.jpeg
2021.08.10 12:47 B C:\xampp\htdocs\perfilescopia\resources\dist\img\Logogaes7-1.png --> ftp.rvcmar.org /resources/dist/img Logogaes7-1.png
2021.08.10 12:47 B C:\xampp\htdocs\perfilescopia\resources\dist\img\Logogaes7-7.png --> ftp.rvcmar.org /resources/dist/img Logogaes7-7.png
2021.08.10 12:47 B C:\xampp\htdocs\perfilescopia\resources\dist\img\WS_FTP.LOG --> ftp.rvcmar.org /resources/dist/img WS_FTP.LOG
