2021.06.02 21:53 B C:\xampp\htdocs\perfilescopia\resources\css\_all-skins.css --> ftp.rvcmar.org /resources/css _all-skins.css
2021.06.02 21:53 B C:\xampp\htdocs\perfilescopia\resources\css\_all-skins.min.css --> ftp.rvcmar.org /resources/css _all-skins.min.css
2021.06.02 21:53 B C:\xampp\htdocs\perfilescopia\resources\css\AdminLTE.css --> ftp.rvcmar.org /resources/css AdminLTE.css
2021.06.02 21:53 B C:\xampp\htdocs\perfilescopia\resources\css\AdminLTE.min.css --> ftp.rvcmar.org /resources/css AdminLTE.min.css
2021.06.02 21:53 B C:\xampp\htdocs\perfilescopia\resources\css\bootstrap.min.css --> ftp.rvcmar.org /resources/css bootstrap.min.css
2021.06.02 21:53 B C:\xampp\htdocs\perfilescopia\resources\css\Colores.css --> ftp.rvcmar.org /resources/css Colores.css
2021.06.02 21:53 B C:\xampp\htdocs\perfilescopia\resources\css\ColoresAdmin.css --> ftp.rvcmar.org /resources/css ColoresAdmin.css
2021.06.02 21:53 B C:\xampp\htdocs\perfilescopia\resources\css\cssLayout.css --> ftp.rvcmar.org /resources/css cssLayout.css
2021.06.02 21:53 B C:\xampp\htdocs\perfilescopia\resources\css\default.css --> ftp.rvcmar.org /resources/css default.css
2021.06.02 21:53 B C:\xampp\htdocs\perfilescopia\resources\css\font-awesome.css --> ftp.rvcmar.org /resources/css font-awesome.css
2021.06.02 21:53 B C:\xampp\htdocs\perfilescopia\resources\css\jsfcrud.css --> ftp.rvcmar.org /resources/css jsfcrud.css
2021.08.10 12:44 B C:\xampp\htdocs\perfilescopia\resources\css\_all-skins.css --> ftp.rvcmar.org /resources/css _all-skins.css
2021.08.10 12:44 B C:\xampp\htdocs\perfilescopia\resources\css\_all-skins.min.css --> ftp.rvcmar.org /resources/css _all-skins.min.css
2021.08.10 12:44 B C:\xampp\htdocs\perfilescopia\resources\css\AdminLTE.css --> ftp.rvcmar.org /resources/css AdminLTE.css
2021.08.10 12:44 B C:\xampp\htdocs\perfilescopia\resources\css\AdminLTE.min.css --> ftp.rvcmar.org /resources/css AdminLTE.min.css
2021.08.10 12:44 B C:\xampp\htdocs\perfilescopia\resources\css\bootstrap.min.css --> ftp.rvcmar.org /resources/css bootstrap.min.css
2021.08.10 12:44 B C:\xampp\htdocs\perfilescopia\resources\css\Colores.css --> ftp.rvcmar.org /resources/css Colores.css
2021.08.10 12:44 B C:\xampp\htdocs\perfilescopia\resources\css\ColoresAdmin.css --> ftp.rvcmar.org /resources/css ColoresAdmin.css
2021.08.10 12:45 B C:\xampp\htdocs\perfilescopia\resources\css\cssLayout.css --> ftp.rvcmar.org /resources/css cssLayout.css
2021.08.10 12:45 B C:\xampp\htdocs\perfilescopia\resources\css\default.css --> ftp.rvcmar.org /resources/css default.css
2021.08.10 12:45 B C:\xampp\htdocs\perfilescopia\resources\css\font-awesome.css --> ftp.rvcmar.org /resources/css font-awesome.css
2021.08.10 12:45 B C:\xampp\htdocs\perfilescopia\resources\css\jsfcrud.css --> ftp.rvcmar.org /resources/css jsfcrud.css
2021.08.10 12:45 B C:\xampp\htdocs\perfilescopia\resources\css\WS_FTP.LOG --> ftp.rvcmar.org /resources/css WS_FTP.LOG
