2021.08.10 12:43 B C:\xampp\htdocs\perfilescopia\resources\css\alt\adminlte.components.css --> ftp.rvcmar.org /resources/css/alt adminlte.components.css
2021.08.10 12:43 B C:\xampp\htdocs\perfilescopia\resources\css\alt\adminlte.components.css.map --> ftp.rvcmar.org /resources/css/alt adminlte.components.css.map
2021.08.10 12:43 B C:\xampp\htdocs\perfilescopia\resources\css\alt\adminlte.components.min.css --> ftp.rvcmar.org /resources/css/alt adminlte.components.min.css
2021.08.10 12:43 B C:\xampp\htdocs\perfilescopia\resources\css\alt\adminlte.components.min.css.map --> ftp.rvcmar.org /resources/css/alt adminlte.components.min.css.map
2021.08.10 12:44 B C:\xampp\htdocs\perfilescopia\resources\css\alt\adminlte.core.css --> ftp.rvcmar.org /resources/css/alt adminlte.core.css
2021.08.10 12:44 B C:\xampp\htdocs\perfilescopia\resources\css\alt\adminlte.core.css.map --> ftp.rvcmar.org /resources/css/alt adminlte.core.css.map
2021.08.10 12:44 B C:\xampp\htdocs\perfilescopia\resources\css\alt\adminlte.core.min.css --> ftp.rvcmar.org /resources/css/alt adminlte.core.min.css
2021.08.10 12:44 B C:\xampp\htdocs\perfilescopia\resources\css\alt\adminlte.core.min.css.map --> ftp.rvcmar.org /resources/css/alt adminlte.core.min.css.map
2021.08.10 12:44 B C:\xampp\htdocs\perfilescopia\resources\css\alt\adminlte.extra-components.css --> ftp.rvcmar.org /resources/css/alt adminlte.extra-components.css
2021.08.10 12:44 B C:\xampp\htdocs\perfilescopia\resources\css\alt\adminlte.extra-components.css.map --> ftp.rvcmar.org /resources/css/alt adminlte.extra-components.css.map
2021.08.10 12:44 B C:\xampp\htdocs\perfilescopia\resources\css\alt\adminlte.extra-components.min.css --> ftp.rvcmar.org /resources/css/alt adminlte.extra-components.min.css
2021.08.10 12:44 B C:\xampp\htdocs\perfilescopia\resources\css\alt\adminlte.extra-components.min.css.map --> ftp.rvcmar.org /resources/css/alt adminlte.extra-components.min.css.map
2021.08.10 12:44 B C:\xampp\htdocs\perfilescopia\resources\css\alt\adminlte.pages.css --> ftp.rvcmar.org /resources/css/alt adminlte.pages.css
2021.08.10 12:44 B C:\xampp\htdocs\perfilescopia\resources\css\alt\adminlte.pages.css.map --> ftp.rvcmar.org /resources/css/alt adminlte.pages.css.map
2021.08.10 12:44 B C:\xampp\htdocs\perfilescopia\resources\css\alt\adminlte.pages.min.css --> ftp.rvcmar.org /resources/css/alt adminlte.pages.min.css
2021.08.10 12:44 B C:\xampp\htdocs\perfilescopia\resources\css\alt\adminlte.pages.min.css.map --> ftp.rvcmar.org /resources/css/alt adminlte.pages.min.css.map
2021.08.10 12:44 B C:\xampp\htdocs\perfilescopia\resources\css\alt\adminlte.plugins.css --> ftp.rvcmar.org /resources/css/alt adminlte.plugins.css
2021.08.10 12:44 B C:\xampp\htdocs\perfilescopia\resources\css\alt\adminlte.plugins.css.map --> ftp.rvcmar.org /resources/css/alt adminlte.plugins.css.map
2021.08.10 12:44 B C:\xampp\htdocs\perfilescopia\resources\css\alt\adminlte.plugins.min.css --> ftp.rvcmar.org /resources/css/alt adminlte.plugins.min.css
2021.08.10 12:44 B C:\xampp\htdocs\perfilescopia\resources\css\alt\adminlte.plugins.min.css.map --> ftp.rvcmar.org /resources/css/alt adminlte.plugins.min.css.map
