2021.06.02 22:12 B C:\xampp\htdocs\perfilescopia\resources\plugins\fontawesome-free\webfonts\fa-brands-400.eot --> ftp.rvcmar.org /resources/plugins/fontawesome-free/webfonts fa-brands-400.eot
2021.06.02 22:12 B C:\xampp\htdocs\perfilescopia\resources\plugins\fontawesome-free\webfonts\fa-brands-400.svg --> ftp.rvcmar.org /resources/plugins/fontawesome-free/webfonts fa-brands-400.svg
2021.06.02 22:12 B C:\xampp\htdocs\perfilescopia\resources\plugins\fontawesome-free\webfonts\fa-brands-400.ttf --> ftp.rvcmar.org /resources/plugins/fontawesome-free/webfonts fa-brands-400.ttf
2021.06.02 22:12 B C:\xampp\htdocs\perfilescopia\resources\plugins\fontawesome-free\webfonts\fa-brands-400.woff --> ftp.rvcmar.org /resources/plugins/fontawesome-free/webfonts fa-brands-400.woff
2021.06.02 22:12 B C:\xampp\htdocs\perfilescopia\resources\plugins\fontawesome-free\webfonts\fa-brands-400.woff2 --> ftp.rvcmar.org /resources/plugins/fontawesome-free/webfonts fa-brands-400.woff2
2021.06.02 22:12 B C:\xampp\htdocs\perfilescopia\resources\plugins\fontawesome-free\webfonts\fa-regular-400.eot --> ftp.rvcmar.org /resources/plugins/fontawesome-free/webfonts fa-regular-400.eot
2021.06.02 22:13 B C:\xampp\htdocs\perfilescopia\resources\plugins\fontawesome-free\webfonts\fa-regular-400.svg --> ftp.rvcmar.org /resources/plugins/fontawesome-free/webfonts fa-regular-400.svg
2021.06.02 22:13 B C:\xampp\htdocs\perfilescopia\resources\plugins\fontawesome-free\webfonts\fa-regular-400.ttf --> ftp.rvcmar.org /resources/plugins/fontawesome-free/webfonts fa-regular-400.ttf
2021.06.02 22:13 B C:\xampp\htdocs\perfilescopia\resources\plugins\fontawesome-free\webfonts\fa-regular-400.woff --> ftp.rvcmar.org /resources/plugins/fontawesome-free/webfonts fa-regular-400.woff
2021.06.02 22:13 B C:\xampp\htdocs\perfilescopia\resources\plugins\fontawesome-free\webfonts\fa-regular-400.woff2 --> ftp.rvcmar.org /resources/plugins/fontawesome-free/webfonts fa-regular-400.woff2
2021.06.02 22:13 B C:\xampp\htdocs\perfilescopia\resources\plugins\fontawesome-free\webfonts\fa-solid-900.eot --> ftp.rvcmar.org /resources/plugins/fontawesome-free/webfonts fa-solid-900.eot
2021.06.02 22:13 B C:\xampp\htdocs\perfilescopia\resources\plugins\fontawesome-free\webfonts\fa-solid-900.svg --> ftp.rvcmar.org /resources/plugins/fontawesome-free/webfonts fa-solid-900.svg
2021.06.02 22:13 B C:\xampp\htdocs\perfilescopia\resources\plugins\fontawesome-free\webfonts\fa-solid-900.ttf --> ftp.rvcmar.org /resources/plugins/fontawesome-free/webfonts fa-solid-900.ttf
2021.06.02 22:13 B C:\xampp\htdocs\perfilescopia\resources\plugins\fontawesome-free\webfonts\fa-solid-900.woff --> ftp.rvcmar.org /resources/plugins/fontawesome-free/webfonts fa-solid-900.woff
2021.06.02 22:13 B C:\xampp\htdocs\perfilescopia\resources\plugins\fontawesome-free\webfonts\fa-solid-900.woff2 --> ftp.rvcmar.org /resources/plugins/fontawesome-free/webfonts fa-solid-900.woff2
2021.08.10 13:07 B C:\xampp\htdocs\perfilescopia\resources\plugins\fontawesome-free\webfonts\fa-brands-400.eot --> ftp.rvcmar.org /resources/plugins/fontawesome-free/webfonts fa-brands-400.eot
2021.08.10 13:08 B C:\xampp\htdocs\perfilescopia\resources\plugins\fontawesome-free\webfonts\fa-brands-400.svg --> ftp.rvcmar.org /resources/plugins/fontawesome-free/webfonts fa-brands-400.svg
2021.08.10 13:08 B C:\xampp\htdocs\perfilescopia\resources\plugins\fontawesome-free\webfonts\fa-brands-400.ttf --> ftp.rvcmar.org /resources/plugins/fontawesome-free/webfonts fa-brands-400.ttf
2021.08.10 13:08 B C:\xampp\htdocs\perfilescopia\resources\plugins\fontawesome-free\webfonts\fa-brands-400.woff --> ftp.rvcmar.org /resources/plugins/fontawesome-free/webfonts fa-brands-400.woff
2021.08.10 13:08 B C:\xampp\htdocs\perfilescopia\resources\plugins\fontawesome-free\webfonts\fa-brands-400.woff2 --> ftp.rvcmar.org /resources/plugins/fontawesome-free/webfonts fa-brands-400.woff2
2021.08.10 13:08 B C:\xampp\htdocs\perfilescopia\resources\plugins\fontawesome-free\webfonts\fa-regular-400.eot --> ftp.rvcmar.org /resources/plugins/fontawesome-free/webfonts fa-regular-400.eot
2021.08.10 13:08 B C:\xampp\htdocs\perfilescopia\resources\plugins\fontawesome-free\webfonts\fa-regular-400.svg --> ftp.rvcmar.org /resources/plugins/fontawesome-free/webfonts fa-regular-400.svg
2021.08.10 13:08 B C:\xampp\htdocs\perfilescopia\resources\plugins\fontawesome-free\webfonts\fa-regular-400.ttf --> ftp.rvcmar.org /resources/plugins/fontawesome-free/webfonts fa-regular-400.ttf
2021.08.10 13:08 B C:\xampp\htdocs\perfilescopia\resources\plugins\fontawesome-free\webfonts\fa-regular-400.woff --> ftp.rvcmar.org /resources/plugins/fontawesome-free/webfonts fa-regular-400.woff
2021.08.10 13:08 B C:\xampp\htdocs\perfilescopia\resources\plugins\fontawesome-free\webfonts\fa-regular-400.woff2 --> ftp.rvcmar.org /resources/plugins/fontawesome-free/webfonts fa-regular-400.woff2
2021.08.10 13:08 B C:\xampp\htdocs\perfilescopia\resources\plugins\fontawesome-free\webfonts\fa-solid-900.eot --> ftp.rvcmar.org /resources/plugins/fontawesome-free/webfonts fa-solid-900.eot
2021.08.10 13:08 B C:\xampp\htdocs\perfilescopia\resources\plugins\fontawesome-free\webfonts\fa-solid-900.svg --> ftp.rvcmar.org /resources/plugins/fontawesome-free/webfonts fa-solid-900.svg
2021.08.10 13:08 B C:\xampp\htdocs\perfilescopia\resources\plugins\fontawesome-free\webfonts\fa-solid-900.ttf --> ftp.rvcmar.org /resources/plugins/fontawesome-free/webfonts fa-solid-900.ttf
2021.08.10 13:08 B C:\xampp\htdocs\perfilescopia\resources\plugins\fontawesome-free\webfonts\fa-solid-900.woff --> ftp.rvcmar.org /resources/plugins/fontawesome-free/webfonts fa-solid-900.woff
2021.08.10 13:08 B C:\xampp\htdocs\perfilescopia\resources\plugins\fontawesome-free\webfonts\fa-solid-900.woff2 --> ftp.rvcmar.org /resources/plugins/fontawesome-free/webfonts fa-solid-900.woff2
2021.08.10 13:08 B C:\xampp\htdocs\perfilescopia\resources\plugins\fontawesome-free\webfonts\WS_FTP.LOG --> ftp.rvcmar.org /resources/plugins/fontawesome-free/webfonts WS_FTP.LOG
